# JRE version: OpenJDK Runtime Environment (21.0.8) (build 21.0.8+-14196175-b1038.72)
# Java VM: OpenJDK 64-Bit Server VM (21.0.8+-14196175-b1038.72, mixed mode, tiered, compressed oops, compressed class ptrs, g1 gc, windows-amd64)
GC Precious Log:
 CardTable entry size: 512
 Card Set container configuration: InlinePtr #cards 5 size 8 Array Of Cards #cards 12 size 40 Howl #buckets 4 coarsen threshold 1843 Howl Bitmap #cards 512 size 80 coarsen threshold 460 Card regions per heap region 1 cards per card region 2048
 CPUs: 12 total, 12 available
 Memory: 15681M
 Large Page Support: Disabled
 NUMA Support: Disabled
 Compressed Oops: Enabled (32-bit)
 Heap Region Size: 1M
 Heap Min Capacity: 8M
 Heap Initial Capacity: 246M
 Heap Max Capacity: 2G
 Pre-touch: Disabled
 Parallel Workers: 10
 Concurrent Workers: 3
 Concurrent Refinement Workers: 10
 Periodic GC: Disabled
Heap:
 garbage-first heap   total 336896K, used 183314K [0x0000000080000000, 0x0000000100000000)
  region size 1024K, 1 young (1024K), 0 survivors (0K)
 Metaspace       used 156770K, committed 159424K, reserved 1245184K
  class space    used 21635K, committed 22976K, reserved 1048576K
GC Heap History (20 events):
Event: 181.693 GC heap after
{Heap after GC invocations=65 (full 0):
 garbage-first heap   total 336896K, used 209706K [0x0000000080000000, 0x0000000100000000)
  region size 1024K, 9 young (9216K), 9 survivors (9216K)
 Metaspace       used 153194K, committed 155776K, reserved 1245184K
  class space    used 21081K, committed 22336K, reserved 1048576K
}
Event: 182.526 GC heap before
{Heap before GC invocations=65 (full 0):
 garbage-first heap   total 336896K, used 306986K [0x0000000080000000, 0x0000000100000000)
  region size 1024K, 106 young (108544K), 9 survivors (9216K)
 Metaspace       used 156215K, committed 158848K, reserved 1245184K
  class space    used 21510K, committed 22784K, reserved 1048576K
}
Event: 182.679 GC heap after
{Heap after GC invocations=66 (full 1):
 garbage-first heap   total 336896K, used 183045K [0x0000000080000000, 0x0000000100000000)
  region size 1024K, 0 young (0K), 0 survivors (0K)
 Metaspace       used 156215K, committed 158848K, reserved 1245184K
  class space    used 21510K, committed 22784K, reserved 1048576K
}
Event: 182.832 GC heap before
{Heap before GC invocations=66 (full 1):
 garbage-first heap   total 336896K, used 184069K [0x0000000080000000, 0x0000000100000000)
  region size 1024K, 2 young (2048K), 0 survivors (0K)
 Metaspace       used 156276K, committed 158912K, reserved 1245184K
  class space    used 21524K, committed 22784K, reserved 1048576K
}
Event: 182.934 GC heap after
{Heap after GC invocations=67 (full 2):
 garbage-first heap   total 336896K, used 182975K [0x0000000080000000, 0x0000000100000000)
  region size 1024K, 0 young (0K), 0 survivors (0K)
 Metaspace       used 156276K, committed 158912K, reserved 1245184K
  class space    used 21524K, committed 22784K, reserved 1048576K
}
Event: 183.087 GC heap before
{Heap before GC invocations=67 (full 2):
 garbage-first heap   total 336896K, used 183999K [0x0000000080000000, 0x0000000100000000)
  region size 1024K, 2 young (2048K), 0 survivors (0K)
 Metaspace       used 156277K, committed 158912K, reserved 1245184K
  class space    used 21524K, committed 22784K, reserved 1048576K
}
Event: 183.154 GC heap after
{Heap after GC invocations=68 (full 3):
 garbage-first heap   total 336896K, used 182996K [0x0000000080000000, 0x0000000100000000)
  region size 1024K, 0 young (0K), 0 survivors (0K)
 Metaspace       used 156277K, committed 158912K, reserved 1245184K
  class space    used 21524K, committed 22784K, reserved 1048576K
}
Event: 183.306 GC heap before
{Heap before GC invocations=68 (full 3):
 garbage-first heap   total 336896K, used 182996K [0x0000000080000000, 0x0000000100000000)
  region size 1024K, 1 young (1024K), 0 survivors (0K)
 Metaspace       used 156277K, committed 158912K, reserved 1245184K
  class space    used 21524K, committed 22784K, reserved 1048576K
}
Event: 183.387 GC heap after
{Heap after GC invocations=69 (full 4):
 garbage-first heap   total 336896K, used 183013K [0x0000000080000000, 0x0000000100000000)
  region size 1024K, 0 young (0K), 0 survivors (0K)
 Metaspace       used 156277K, committed 158912K, reserved 1245184K
  class space    used 21524K, committed 22784K, reserved 1048576K
}
Event: 183.543 GC heap before
{Heap before GC invocations=69 (full 4):
 garbage-first heap   total 336896K, used 183013K [0x0000000080000000, 0x0000000100000000)
  region size 1024K, 1 young (1024K), 0 survivors (0K)
 Metaspace       used 156277K, committed 158912K, reserved 1245184K
  class space    used 21524K, committed 22784K, reserved 1048576K
}
Event: 183.634 GC heap after
{Heap after GC invocations=70 (full 5):
 garbage-first heap   total 336896K, used 183030K [0x0000000080000000, 0x0000000100000000)
  region size 1024K, 0 young (0K), 0 survivors (0K)
 Metaspace       used 156277K, committed 158912K, reserved 1245184K
  class space    used 21524K, committed 22784K, reserved 1048576K
}
Event: 183.887 GC heap before
{Heap before GC invocations=70 (full 5):
 garbage-first heap   total 336896K, used 187126K [0x0000000080000000, 0x0000000100000000)
  region size 1024K, 5 young (5120K), 0 survivors (0K)
 Metaspace       used 156582K, committed 159168K, reserved 1245184K
  class space    used 21592K, committed 22848K, reserved 1048576K
}
Event: 183.954 GC heap after
{Heap after GC invocations=71 (full 6):
 garbage-first heap   total 336896K, used 183272K [0x0000000080000000, 0x0000000100000000)
  region size 1024K, 0 young (0K), 0 survivors (0K)
 Metaspace       used 156582K, committed 159168K, reserved 1245184K
  class space    used 21592K, committed 22848K, reserved 1048576K
}
Event: 184.116 GC heap before
{Heap before GC invocations=71 (full 6):
 garbage-first heap   total 336896K, used 185320K [0x0000000080000000, 0x0000000100000000)
  region size 1024K, 3 young (3072K), 0 survivors (0K)
 Metaspace       used 156757K, committed 159424K, reserved 1245184K
  class space    used 21633K, committed 22976K, reserved 1048576K
}
Event: 184.190 GC heap after
{Heap after GC invocations=72 (full 7):
 garbage-first heap   total 336896K, used 183280K [0x0000000080000000, 0x0000000100000000)
  region size 1024K, 0 young (0K), 0 survivors (0K)
 Metaspace       used 156757K, committed 159424K, reserved 1245184K
  class space    used 21633K, committed 22976K, reserved 1048576K
}
Event: 184.340 GC heap before
{Heap before GC invocations=72 (full 7):
 garbage-first heap   total 336896K, used 184304K [0x0000000080000000, 0x0000000100000000)
  region size 1024K, 2 young (2048K), 0 survivors (0K)
 Metaspace       used 156767K, committed 159424K, reserved 1245184K
  class space    used 21635K, committed 22976K, reserved 1048576K
}
Event: 184.417 GC heap after
{Heap after GC invocations=73 (full 8):
 garbage-first heap   total 336896K, used 183296K [0x0000000080000000, 0x0000000100000000)
  region size 1024K, 0 young (0K), 0 survivors (0K)
 Metaspace       used 156767K, committed 159424K, reserved 1245184K
  class space    used 21635K, committed 22976K, reserved 1048576K
}
Event: 184.610 GC heap before
{Heap before GC invocations=73 (full 8):
 garbage-first heap   total 336896K, used 183296K [0x0000000080000000, 0x0000000100000000)
  region size 1024K, 1 young (1024K), 0 survivors (0K)
 Metaspace       used 156769K, committed 159424K, reserved 1245184K
  class space    used 21635K, committed 22976K, reserved 1048576K
}
Event: 184.695 GC heap after
{Heap after GC invocations=74 (full 9):
 garbage-first heap   total 336896K, used 183314K [0x0000000080000000, 0x0000000100000000)
  region size 1024K, 0 young (0K), 0 survivors (0K)
 Metaspace       used 156769K, committed 159424K, reserved 1245184K
  class space    used 21635K, committed 22976K, reserved 1048576K
}
Event: 184.855 GC heap before
{Heap before GC invocations=74 (full 9):
 garbage-first heap   total 336896K, used 183314K [0x0000000080000000, 0x0000000100000000)
  region size 1024K, 1 young (1024K), 0 survivors (0K)
 Metaspace       used 156770K, committed 159424K, reserved 1245184K
  class space    used 21635K, committed 22976K, reserved 1048576K
}

